[2024-09-20T17:14:06.989+0000] {local_task_job_runner.py:120} INFO - ::group::Pre task execution logs
[2024-09-20T17:14:07.019+0000] {taskinstance.py:2076} INFO - Dependencies all met for dep_context=non-requeueable deps ti=<TaskInstance: NYC_Taxi_pipeline.dbt_run manual__2024-09-20T17:04:24.714893+00:00 [queued]>
[2024-09-20T17:14:07.027+0000] {taskinstance.py:2076} INFO - Dependencies all met for dep_context=requeueable deps ti=<TaskInstance: NYC_Taxi_pipeline.dbt_run manual__2024-09-20T17:04:24.714893+00:00 [queued]>
[2024-09-20T17:14:07.027+0000] {taskinstance.py:2306} INFO - Starting attempt 5 of 5
[2024-09-20T17:14:07.039+0000] {taskinstance.py:2330} INFO - Executing <Task(BashOperator): dbt_run> on 2024-09-20 17:04:24.714893+00:00
[2024-09-20T17:14:07.046+0000] {standard_task_runner.py:63} INFO - Started process 98 to run task
[2024-09-20T17:14:07.049+0000] {standard_task_runner.py:90} INFO - Running: ['***', 'tasks', 'run', 'NYC_Taxi_pipeline', 'dbt_run', 'manual__2024-09-20T17:04:24.714893+00:00', '--job-id', '14', '--raw', '--subdir', 'DAGS_FOLDER/NYC_Taxi_pipeline.py', '--cfg-path', '/tmp/tmpjk1q1evx']
[2024-09-20T17:14:07.052+0000] {standard_task_runner.py:91} INFO - Job 14: Subtask dbt_run
[2024-09-20T17:14:07.092+0000] {task_command.py:426} INFO - Running <TaskInstance: NYC_Taxi_pipeline.dbt_run manual__2024-09-20T17:04:24.714893+00:00 [running]> on host ebfded8325af
[2024-09-20T17:14:07.165+0000] {taskinstance.py:2648} INFO - Exporting env vars: AIRFLOW_CTX_DAG_OWNER='Mahmoud' AIRFLOW_CTX_DAG_ID='NYC_Taxi_pipeline' AIRFLOW_CTX_TASK_ID='dbt_run' AIRFLOW_CTX_EXECUTION_DATE='2024-09-20T17:04:24.714893+00:00' AIRFLOW_CTX_TRY_NUMBER='5' AIRFLOW_CTX_DAG_RUN_ID='manual__2024-09-20T17:04:24.714893+00:00'
[2024-09-20T17:14:07.166+0000] {taskinstance.py:430} INFO - ::endgroup::
[2024-09-20T17:14:07.177+0000] {subprocess.py:63} INFO - Tmp dir root location: /tmp
[2024-09-20T17:14:07.178+0000] {subprocess.py:75} INFO - Running command: ['/bin/bash', '-c', 'dbt run --profiles-dir /opt/***/DBT_Project --project-dir /opt/***/dbt_trip']
[2024-09-20T17:14:07.192+0000] {subprocess.py:86} INFO - Output:
[2024-09-20T17:14:09.661+0000] {subprocess.py:93} INFO - [0m17:14:09  Running with dbt=1.8.6
[2024-09-20T17:14:09.944+0000] {subprocess.py:93} INFO - [0m17:14:09  Registered adapter: postgres=1.8.2
[2024-09-20T17:14:10.149+0000] {subprocess.py:93} INFO - [0m17:14:10  [[33mWARNING[0m]: Configuration paths exist in your dbt_project.yml file which do not apply to any resources.
[2024-09-20T17:14:10.150+0000] {subprocess.py:93} INFO - There are 2 unused configuration paths:
[2024-09-20T17:14:10.150+0000] {subprocess.py:93} INFO - - models.fact_trip.staging
[2024-09-20T17:14:10.150+0000] {subprocess.py:93} INFO - - models.fact_trip.core
[2024-09-20T17:14:10.421+0000] {subprocess.py:93} INFO - [0m17:14:10  Found 1 model, 1 seed, 1 source, 423 macros
[2024-09-20T17:14:10.424+0000] {subprocess.py:93} INFO - [0m17:14:10
[2024-09-20T17:14:10.562+0000] {subprocess.py:93} INFO - [0m17:14:10  Concurrency: 3 threads (target='dev')
[2024-09-20T17:14:10.562+0000] {subprocess.py:93} INFO - [0m17:14:10
[2024-09-20T17:14:10.574+0000] {subprocess.py:93} INFO - [0m17:14:10  1 of 1 START sql view model analysis.test ...................................... [RUN]
[2024-09-20T17:14:10.593+0000] {subprocess.py:93} INFO - [0m17:14:10  [31mUnhandled error while executing [0m
[2024-09-20T17:14:10.594+0000] {subprocess.py:93} INFO - [Errno 13] Permission denied: '/opt/***/dbt_trip/target/compiled/fact_trip/models/Staging/test.sql'
[2024-09-20T17:14:10.598+0000] {subprocess.py:93} INFO - [0m17:14:10  1 of 1 ERROR creating sql view model analysis.test ............................. [[31mERROR[0m in 0.02s]
[2024-09-20T17:14:10.612+0000] {subprocess.py:93} INFO - [0m17:14:10
[2024-09-20T17:14:10.613+0000] {subprocess.py:93} INFO - [0m17:14:10  Finished running 1 view model in 0 hours 0 minutes and 0.19 seconds (0.19s).
[2024-09-20T17:14:10.662+0000] {subprocess.py:93} INFO - [0m17:14:10
[2024-09-20T17:14:10.663+0000] {subprocess.py:93} INFO - [0m17:14:10  [31mCompleted with 1 error and 0 warnings:[0m
[2024-09-20T17:14:10.663+0000] {subprocess.py:93} INFO - [0m17:14:10
[2024-09-20T17:14:10.664+0000] {subprocess.py:93} INFO - [0m17:14:10    [Errno 13] Permission denied: '/opt/***/dbt_trip/target/compiled/fact_trip/models/Staging/test.sql'
[2024-09-20T17:14:10.665+0000] {subprocess.py:93} INFO - [0m17:14:10
[2024-09-20T17:14:10.665+0000] {subprocess.py:93} INFO - [0m17:14:10  Done. PASS=0 WARN=0 ERROR=1 SKIP=0 TOTAL=1
[2024-09-20T17:14:16.745+0000] {subprocess.py:97} INFO - Command exited with return code 1
[2024-09-20T17:14:16.746+0000] {taskinstance.py:441} INFO - ::group::Post task execution logs
[2024-09-20T17:14:16.757+0000] {taskinstance.py:2905} ERROR - Task failed with exception
Traceback (most recent call last):
  File "/home/airflow/.local/lib/python3.9/site-packages/airflow/models/taskinstance.py", line 465, in _execute_task
    result = _execute_callable(context=context, **execute_callable_kwargs)
  File "/home/airflow/.local/lib/python3.9/site-packages/airflow/models/taskinstance.py", line 432, in _execute_callable
    return execute_callable(context=context, **execute_callable_kwargs)
  File "/home/airflow/.local/lib/python3.9/site-packages/airflow/models/baseoperator.py", line 400, in wrapper
    return func(self, *args, **kwargs)
  File "/home/airflow/.local/lib/python3.9/site-packages/airflow/operators/bash.py", line 243, in execute
    raise AirflowException(
airflow.exceptions.AirflowException: Bash command failed. The command returned a non-zero exit code 1.
[2024-09-20T17:14:16.761+0000] {taskinstance.py:1206} INFO - Marking task as FAILED. dag_id=NYC_Taxi_pipeline, task_id=dbt_run, run_id=manual__2024-09-20T17:04:24.714893+00:00, execution_date=20240920T170424, start_date=20240920T171407, end_date=20240920T171416
[2024-09-20T17:14:16.772+0000] {standard_task_runner.py:110} ERROR - Failed to execute job 14 for task dbt_run (Bash command failed. The command returned a non-zero exit code 1.; 98)
[2024-09-20T17:14:16.811+0000] {local_task_job_runner.py:240} INFO - Task exited with return code 1
[2024-09-20T17:14:16.826+0000] {taskinstance.py:3498} INFO - 0 downstream tasks scheduled from follow-on schedule check
[2024-09-20T17:14:16.827+0000] {local_task_job_runner.py:222} INFO - ::endgroup::
