[2024-09-21T09:18:31.676+0000] {local_task_job_runner.py:120} INFO - ::group::Pre task execution logs
[2024-09-21T09:18:31.708+0000] {taskinstance.py:2076} INFO - Dependencies all met for dep_context=non-requeueable deps ti=<TaskInstance: NYC_Taxi_pipeline.dbt_models.dbt_Model_STG_dim_paymnt manual__2024-09-21T09:11:40.867116+00:00 [queued]>
[2024-09-21T09:18:31.723+0000] {taskinstance.py:2076} INFO - Dependencies all met for dep_context=requeueable deps ti=<TaskInstance: NYC_Taxi_pipeline.dbt_models.dbt_Model_STG_dim_paymnt manual__2024-09-21T09:11:40.867116+00:00 [queued]>
[2024-09-21T09:18:31.724+0000] {taskinstance.py:2306} INFO - Starting attempt 3 of 3
[2024-09-21T09:18:31.744+0000] {taskinstance.py:2330} INFO - Executing <Task(BashOperator): dbt_models.dbt_Model_STG_dim_paymnt> on 2024-09-21 09:11:40.867116+00:00
[2024-09-21T09:18:31.753+0000] {standard_task_runner.py:63} INFO - Started process 360 to run task
[2024-09-21T09:18:31.758+0000] {standard_task_runner.py:90} INFO - Running: ['***', 'tasks', 'run', 'NYC_Taxi_pipeline', 'dbt_models.dbt_Model_STG_dim_paymnt', 'manual__2024-09-21T09:11:40.867116+00:00', '--job-id', '46', '--raw', '--subdir', 'DAGS_FOLDER/NYC_Taxi_pipeline.py', '--cfg-path', '/tmp/tmpyh_7ihhf']
[2024-09-21T09:18:31.762+0000] {standard_task_runner.py:91} INFO - Job 46: Subtask dbt_models.dbt_Model_STG_dim_paymnt
[2024-09-21T09:18:31.822+0000] {task_command.py:426} INFO - Running <TaskInstance: NYC_Taxi_pipeline.dbt_models.dbt_Model_STG_dim_paymnt manual__2024-09-21T09:11:40.867116+00:00 [running]> on host a7d215ebb90a
[2024-09-21T09:18:31.959+0000] {taskinstance.py:2648} INFO - Exporting env vars: AIRFLOW_CTX_DAG_OWNER='***' AIRFLOW_CTX_DAG_ID='NYC_Taxi_pipeline' AIRFLOW_CTX_TASK_ID='dbt_models.dbt_Model_STG_dim_paymnt' AIRFLOW_CTX_EXECUTION_DATE='2024-09-21T09:11:40.867116+00:00' AIRFLOW_CTX_TRY_NUMBER='3' AIRFLOW_CTX_DAG_RUN_ID='manual__2024-09-21T09:11:40.867116+00:00'
[2024-09-21T09:18:31.961+0000] {taskinstance.py:430} INFO - ::endgroup::
[2024-09-21T09:18:31.983+0000] {subprocess.py:63} INFO - Tmp dir root location: /tmp
[2024-09-21T09:18:31.983+0000] {subprocess.py:75} INFO - Running command: ['/bin/bash', '-c', 'dbt run --profiles-dir /opt/***/DBT_Project --project-dir /opt/***/dbt_trip --models STG_dim_paymnt']
[2024-09-21T09:18:32.006+0000] {subprocess.py:86} INFO - Output:
[2024-09-21T09:18:35.711+0000] {subprocess.py:93} INFO - [0m09:18:35  Running with dbt=1.8.6
[2024-09-21T09:18:36.138+0000] {subprocess.py:93} INFO - [0m09:18:36  Registered adapter: postgres=1.8.2
[2024-09-21T09:18:36.687+0000] {subprocess.py:93} INFO - [0m09:18:36  Unable to do partial parsing because of a version mismatch
[2024-09-21T09:18:39.511+0000] {subprocess.py:93} INFO - [0m09:18:39  [[33mWARNING[0m]: Configuration paths exist in your dbt_project.yml file which do not apply to any resources.
[2024-09-21T09:18:39.511+0000] {subprocess.py:93} INFO - There are 2 unused configuration paths:
[2024-09-21T09:18:39.511+0000] {subprocess.py:93} INFO - - models.fact_trip.staging
[2024-09-21T09:18:39.512+0000] {subprocess.py:93} INFO - - models.fact_trip.core
[2024-09-21T09:18:39.883+0000] {subprocess.py:93} INFO - [0m09:18:39  Found 5 models, 5 seeds, 1 source, 423 macros
[2024-09-21T09:18:39.887+0000] {subprocess.py:93} INFO - [0m09:18:39
[2024-09-21T09:18:40.265+0000] {subprocess.py:93} INFO - [0m09:18:40  Concurrency: 3 threads (target='dev')
[2024-09-21T09:18:40.266+0000] {subprocess.py:93} INFO - [0m09:18:40
[2024-09-21T09:18:40.288+0000] {subprocess.py:93} INFO - [0m09:18:40  1 of 1 START sql view model analysis.STG_dim_paymnt ............................ [RUN]
[2024-09-21T09:18:40.448+0000] {subprocess.py:93} INFO - [0m09:18:40  1 of 1 ERROR creating sql view model analysis.STG_dim_paymnt ................... [[31mERROR[0m in 0.15s]
[2024-09-21T09:18:40.476+0000] {subprocess.py:93} INFO - [0m09:18:40
[2024-09-21T09:18:40.478+0000] {subprocess.py:93} INFO - [0m09:18:40  Finished running 1 view model in 0 hours 0 minutes and 0.59 seconds (0.59s).
[2024-09-21T09:18:40.537+0000] {subprocess.py:93} INFO - [0m09:18:40
[2024-09-21T09:18:40.538+0000] {subprocess.py:93} INFO - [0m09:18:40  [31mCompleted with 1 error and 0 warnings:[0m
[2024-09-21T09:18:40.538+0000] {subprocess.py:93} INFO - [0m09:18:40
[2024-09-21T09:18:40.539+0000] {subprocess.py:93} INFO - [0m09:18:40    Database Error in model STG_dim_paymnt (models/Staging/STG_dim_paymnt.sql)
[2024-09-21T09:18:40.539+0000] {subprocess.py:93} INFO -   relation "analysis.DIM_payment" does not exist
[2024-09-21T09:18:40.540+0000] {subprocess.py:93} INFO -   LINE 12:      from "nyc_taxi_trip"."analysis"."DIM_payment"
[2024-09-21T09:18:40.540+0000] {subprocess.py:93} INFO -                      ^
[2024-09-21T09:18:40.540+0000] {subprocess.py:93} INFO -   compiled Code at target/run/fact_trip/models/Staging/STG_dim_paymnt.sql
[2024-09-21T09:18:40.540+0000] {subprocess.py:93} INFO - [0m09:18:40
[2024-09-21T09:18:40.541+0000] {subprocess.py:93} INFO - [0m09:18:40  Done. PASS=0 WARN=0 ERROR=1 SKIP=0 TOTAL=1
[2024-09-21T09:18:41.594+0000] {subprocess.py:97} INFO - Command exited with return code 1
[2024-09-21T09:18:41.595+0000] {taskinstance.py:441} INFO - ::group::Post task execution logs
[2024-09-21T09:18:41.606+0000] {taskinstance.py:2905} ERROR - Task failed with exception
Traceback (most recent call last):
  File "/home/airflow/.local/lib/python3.9/site-packages/airflow/models/taskinstance.py", line 465, in _execute_task
    result = _execute_callable(context=context, **execute_callable_kwargs)
  File "/home/airflow/.local/lib/python3.9/site-packages/airflow/models/taskinstance.py", line 432, in _execute_callable
    return execute_callable(context=context, **execute_callable_kwargs)
  File "/home/airflow/.local/lib/python3.9/site-packages/airflow/models/baseoperator.py", line 400, in wrapper
    return func(self, *args, **kwargs)
  File "/home/airflow/.local/lib/python3.9/site-packages/airflow/operators/bash.py", line 243, in execute
    raise AirflowException(
airflow.exceptions.AirflowException: Bash command failed. The command returned a non-zero exit code 1.
[2024-09-21T09:18:41.610+0000] {taskinstance.py:1206} INFO - Marking task as FAILED. dag_id=NYC_Taxi_pipeline, task_id=dbt_models.dbt_Model_STG_dim_paymnt, run_id=manual__2024-09-21T09:11:40.867116+00:00, execution_date=20240921T091140, start_date=20240921T091831, end_date=20240921T091841
[2024-09-21T09:18:41.621+0000] {standard_task_runner.py:110} ERROR - Failed to execute job 46 for task dbt_models.dbt_Model_STG_dim_paymnt (Bash command failed. The command returned a non-zero exit code 1.; 360)
[2024-09-21T09:18:41.664+0000] {local_task_job_runner.py:240} INFO - Task exited with return code 1
[2024-09-21T09:18:41.679+0000] {taskinstance.py:3498} INFO - 0 downstream tasks scheduled from follow-on schedule check
[2024-09-21T09:18:41.680+0000] {local_task_job_runner.py:222} INFO - ::endgroup::
