[2024-09-21T09:15:10.687+0000] {local_task_job_runner.py:120} INFO - ::group::Pre task execution logs
[2024-09-21T09:15:10.720+0000] {taskinstance.py:2076} INFO - Dependencies all met for dep_context=non-requeueable deps ti=<TaskInstance: NYC_Taxi_pipeline.dbt_models.dbt_Model_STG_dim_paymnt manual__2024-09-21T09:11:40.867116+00:00 [queued]>
[2024-09-21T09:15:10.735+0000] {taskinstance.py:2076} INFO - Dependencies all met for dep_context=requeueable deps ti=<TaskInstance: NYC_Taxi_pipeline.dbt_models.dbt_Model_STG_dim_paymnt manual__2024-09-21T09:11:40.867116+00:00 [queued]>
[2024-09-21T09:15:10.736+0000] {taskinstance.py:2306} INFO - Starting attempt 2 of 2
[2024-09-21T09:15:10.754+0000] {taskinstance.py:2330} INFO - Executing <Task(BashOperator): dbt_models.dbt_Model_STG_dim_paymnt> on 2024-09-21 09:11:40.867116+00:00
[2024-09-21T09:15:10.765+0000] {standard_task_runner.py:63} INFO - Started process 249 to run task
[2024-09-21T09:15:10.768+0000] {standard_task_runner.py:90} INFO - Running: ['***', 'tasks', 'run', 'NYC_Taxi_pipeline', 'dbt_models.dbt_Model_STG_dim_paymnt', 'manual__2024-09-21T09:11:40.867116+00:00', '--job-id', '40', '--raw', '--subdir', 'DAGS_FOLDER/NYC_Taxi_pipeline.py', '--cfg-path', '/tmp/tmpnjfhbj8b']
[2024-09-21T09:15:10.771+0000] {standard_task_runner.py:91} INFO - Job 40: Subtask dbt_models.dbt_Model_STG_dim_paymnt
[2024-09-21T09:15:10.834+0000] {task_command.py:426} INFO - Running <TaskInstance: NYC_Taxi_pipeline.dbt_models.dbt_Model_STG_dim_paymnt manual__2024-09-21T09:11:40.867116+00:00 [running]> on host a7d215ebb90a
[2024-09-21T09:15:10.969+0000] {taskinstance.py:2648} INFO - Exporting env vars: AIRFLOW_CTX_DAG_OWNER='***' AIRFLOW_CTX_DAG_ID='NYC_Taxi_pipeline' AIRFLOW_CTX_TASK_ID='dbt_models.dbt_Model_STG_dim_paymnt' AIRFLOW_CTX_EXECUTION_DATE='2024-09-21T09:11:40.867116+00:00' AIRFLOW_CTX_TRY_NUMBER='2' AIRFLOW_CTX_DAG_RUN_ID='manual__2024-09-21T09:11:40.867116+00:00'
[2024-09-21T09:15:10.971+0000] {taskinstance.py:430} INFO - ::endgroup::
[2024-09-21T09:15:10.999+0000] {subprocess.py:63} INFO - Tmp dir root location: /tmp
[2024-09-21T09:15:11.000+0000] {subprocess.py:75} INFO - Running command: ['/bin/bash', '-c', 'dbt run --profiles-dir /opt/***/DBT_Project --project-dir /opt/***/dbt_trip --models STG_dim_paymnt']
[2024-09-21T09:15:11.030+0000] {subprocess.py:86} INFO - Output:
[2024-09-21T09:15:15.135+0000] {subprocess.py:93} INFO - [0m09:15:15  Running with dbt=1.8.6
[2024-09-21T09:15:15.683+0000] {subprocess.py:93} INFO - [0m09:15:15  Registered adapter: postgres=1.8.2
[2024-09-21T09:15:16.054+0000] {subprocess.py:93} INFO - [0m09:15:16  Unable to do partial parsing because of a version mismatch
[2024-09-21T09:15:18.931+0000] {subprocess.py:93} INFO - [0m09:15:18  [[33mWARNING[0m]: Configuration paths exist in your dbt_project.yml file which do not apply to any resources.
[2024-09-21T09:15:18.931+0000] {subprocess.py:93} INFO - There are 2 unused configuration paths:
[2024-09-21T09:15:18.931+0000] {subprocess.py:93} INFO - - models.fact_trip.core
[2024-09-21T09:15:18.932+0000] {subprocess.py:93} INFO - - models.fact_trip.staging
[2024-09-21T09:15:19.197+0000] {subprocess.py:93} INFO - [0m09:15:19  Found 5 models, 5 seeds, 1 source, 423 macros
[2024-09-21T09:15:19.202+0000] {subprocess.py:93} INFO - [0m09:15:19
[2024-09-21T09:15:19.589+0000] {subprocess.py:93} INFO - [0m09:15:19  Concurrency: 3 threads (target='dev')
[2024-09-21T09:15:19.590+0000] {subprocess.py:93} INFO - [0m09:15:19
[2024-09-21T09:15:19.609+0000] {subprocess.py:93} INFO - [0m09:15:19  1 of 1 START sql view model analysis.STG_dim_paymnt ............................ [RUN]
[2024-09-21T09:15:19.748+0000] {subprocess.py:93} INFO - [0m09:15:19  1 of 1 ERROR creating sql view model analysis.STG_dim_paymnt ................... [[31mERROR[0m in 0.13s]
[2024-09-21T09:15:19.777+0000] {subprocess.py:93} INFO - [0m09:15:19
[2024-09-21T09:15:19.778+0000] {subprocess.py:93} INFO - [0m09:15:19  Finished running 1 view model in 0 hours 0 minutes and 0.57 seconds (0.57s).
[2024-09-21T09:15:19.845+0000] {subprocess.py:93} INFO - [0m09:15:19
[2024-09-21T09:15:19.846+0000] {subprocess.py:93} INFO - [0m09:15:19  [31mCompleted with 1 error and 0 warnings:[0m
[2024-09-21T09:15:19.847+0000] {subprocess.py:93} INFO - [0m09:15:19
[2024-09-21T09:15:19.848+0000] {subprocess.py:93} INFO - [0m09:15:19    Database Error in model STG_dim_paymnt (models/Staging/STG_dim_paymnt.sql)
[2024-09-21T09:15:19.849+0000] {subprocess.py:93} INFO -   relation "analysis.DIM_payment" does not exist
[2024-09-21T09:15:19.849+0000] {subprocess.py:93} INFO -   LINE 12:      from "nyc_taxi_trip"."analysis"."DIM_payment"
[2024-09-21T09:15:19.849+0000] {subprocess.py:93} INFO -                      ^
[2024-09-21T09:15:19.849+0000] {subprocess.py:93} INFO -   compiled Code at target/run/fact_trip/models/Staging/STG_dim_paymnt.sql
[2024-09-21T09:15:19.850+0000] {subprocess.py:93} INFO - [0m09:15:19
[2024-09-21T09:15:19.850+0000] {subprocess.py:93} INFO - [0m09:15:19  Done. PASS=0 WARN=0 ERROR=1 SKIP=0 TOTAL=1
[2024-09-21T09:15:20.990+0000] {subprocess.py:97} INFO - Command exited with return code 1
[2024-09-21T09:15:20.991+0000] {taskinstance.py:441} INFO - ::group::Post task execution logs
[2024-09-21T09:15:21.005+0000] {taskinstance.py:2905} ERROR - Task failed with exception
Traceback (most recent call last):
  File "/home/airflow/.local/lib/python3.9/site-packages/airflow/models/taskinstance.py", line 465, in _execute_task
    result = _execute_callable(context=context, **execute_callable_kwargs)
  File "/home/airflow/.local/lib/python3.9/site-packages/airflow/models/taskinstance.py", line 432, in _execute_callable
    return execute_callable(context=context, **execute_callable_kwargs)
  File "/home/airflow/.local/lib/python3.9/site-packages/airflow/models/baseoperator.py", line 400, in wrapper
    return func(self, *args, **kwargs)
  File "/home/airflow/.local/lib/python3.9/site-packages/airflow/operators/bash.py", line 243, in execute
    raise AirflowException(
airflow.exceptions.AirflowException: Bash command failed. The command returned a non-zero exit code 1.
[2024-09-21T09:15:21.010+0000] {taskinstance.py:1206} INFO - Marking task as FAILED. dag_id=NYC_Taxi_pipeline, task_id=dbt_models.dbt_Model_STG_dim_paymnt, run_id=manual__2024-09-21T09:11:40.867116+00:00, execution_date=20240921T091140, start_date=20240921T091510, end_date=20240921T091521
[2024-09-21T09:15:21.029+0000] {standard_task_runner.py:110} ERROR - Failed to execute job 40 for task dbt_models.dbt_Model_STG_dim_paymnt (Bash command failed. The command returned a non-zero exit code 1.; 249)
[2024-09-21T09:15:21.044+0000] {local_task_job_runner.py:240} INFO - Task exited with return code 1
[2024-09-21T09:15:21.059+0000] {taskinstance.py:3498} INFO - 0 downstream tasks scheduled from follow-on schedule check
[2024-09-21T09:15:21.060+0000] {local_task_job_runner.py:222} INFO - ::endgroup::
