[2024-10-12T13:03:58.438+0000] {local_task_job_runner.py:120} INFO - ::group::Pre task execution logs
[2024-10-12T13:03:58.472+0000] {taskinstance.py:2076} INFO - Dependencies all met for dep_context=non-requeueable deps ti=<TaskInstance: Taxi_trip_pipeline.dbt_transformation_layer.dbt_run_model_yellow_trip manual__2024-10-12T13:03:08.986267+00:00 [queued]>
[2024-10-12T13:03:58.485+0000] {taskinstance.py:2076} INFO - Dependencies all met for dep_context=requeueable deps ti=<TaskInstance: Taxi_trip_pipeline.dbt_transformation_layer.dbt_run_model_yellow_trip manual__2024-10-12T13:03:08.986267+00:00 [queued]>
[2024-10-12T13:03:58.486+0000] {taskinstance.py:2306} INFO - Starting attempt 1 of 1
[2024-10-12T13:03:58.501+0000] {taskinstance.py:2330} INFO - Executing <Task(BashOperator): dbt_transformation_layer.dbt_run_model_yellow_trip> on 2024-10-12 13:03:08.986267+00:00
[2024-10-12T13:03:58.511+0000] {standard_task_runner.py:63} INFO - Started process 158 to run task
[2024-10-12T13:03:58.515+0000] {standard_task_runner.py:90} INFO - Running: ['***', 'tasks', 'run', 'Taxi_trip_pipeline', 'dbt_transformation_layer.dbt_run_model_yellow_trip', 'manual__2024-10-12T13:03:08.986267+00:00', '--job-id', '14', '--raw', '--subdir', 'DAGS_FOLDER/taxi_trip.py', '--cfg-path', '/tmp/tmpmn26an2w']
[2024-10-12T13:03:58.517+0000] {standard_task_runner.py:91} INFO - Job 14: Subtask dbt_transformation_layer.dbt_run_model_yellow_trip
[2024-10-12T13:03:58.573+0000] {task_command.py:426} INFO - Running <TaskInstance: Taxi_trip_pipeline.dbt_transformation_layer.dbt_run_model_yellow_trip manual__2024-10-12T13:03:08.986267+00:00 [running]> on host ebdcf85807fc
[2024-10-12T13:03:58.689+0000] {taskinstance.py:2648} INFO - Exporting env vars: AIRFLOW_CTX_DAG_OWNER='Mahmoud' AIRFLOW_CTX_DAG_ID='Taxi_trip_pipeline' AIRFLOW_CTX_TASK_ID='dbt_transformation_layer.dbt_run_model_yellow_trip' AIRFLOW_CTX_EXECUTION_DATE='2024-10-12T13:03:08.986267+00:00' AIRFLOW_CTX_TRY_NUMBER='1' AIRFLOW_CTX_DAG_RUN_ID='manual__2024-10-12T13:03:08.986267+00:00'
[2024-10-12T13:03:58.690+0000] {taskinstance.py:430} INFO - ::endgroup::
[2024-10-12T13:03:58.727+0000] {subprocess.py:63} INFO - Tmp dir root location: /tmp
[2024-10-12T13:03:58.728+0000] {subprocess.py:75} INFO - Running command: ['/usr/bin/bash', '-c', 'dbt run --profiles-dir /opt/***/DBT_Project  --project-dir /opt/***/dbt_trip --models yellow_trip']
[2024-10-12T13:03:58.753+0000] {subprocess.py:86} INFO - Output:
[2024-10-12T13:04:02.213+0000] {subprocess.py:93} INFO - [0m13:04:02  Running with dbt=1.8.0
[2024-10-12T13:04:02.628+0000] {subprocess.py:93} INFO - [0m13:04:02  Registered adapter: postgres=1.8.0
[2024-10-12T13:04:02.897+0000] {subprocess.py:93} INFO - [0m13:04:02  Unable to do partial parsing because profile has changed
[2024-10-12T13:04:05.649+0000] {subprocess.py:93} INFO - [0m13:04:05  [[33mWARNING[0m]: Deprecated functionality
[2024-10-12T13:04:05.649+0000] {subprocess.py:93} INFO - The `tests` config has been renamed to `data_tests`. Please see
[2024-10-12T13:04:05.650+0000] {subprocess.py:93} INFO - https://docs.getdbt.com/docs/build/data-tests#new-data_tests-syntax for more
[2024-10-12T13:04:05.650+0000] {subprocess.py:93} INFO - information.
[2024-10-12T13:04:06.129+0000] {subprocess.py:93} INFO - [0m13:04:06  [[33mWARNING[0m]: Found patch for macro "payment_type_mapping" which was not found
[2024-10-12T13:04:06.131+0000] {subprocess.py:93} INFO - [0m13:04:06  [[33mWARNING[0m]: Found patch for macro "rate_code_mapping" which was not found
[2024-10-12T13:04:06.133+0000] {subprocess.py:93} INFO - [0m13:04:06  [[33mWARNING[0m]: Found patch for macro "store_and_fwd_flag_mapping" which was not found
[2024-10-12T13:04:06.135+0000] {subprocess.py:93} INFO - [0m13:04:06  [[33mWARNING[0m]: Found patch for macro "trip_type_mapping" which was not found
[2024-10-12T13:04:06.137+0000] {subprocess.py:93} INFO - [0m13:04:06  [[33mWARNING[0m]: Found patch for macro "vendor_mapping" which was not found
[2024-10-12T13:04:06.317+0000] {subprocess.py:93} INFO - [0m13:04:06  [[33mWARNING[0m]: Configuration paths exist in your dbt_project.yml file which do not apply to any resources.
[2024-10-12T13:04:06.318+0000] {subprocess.py:93} INFO - There are 2 unused configuration paths:
[2024-10-12T13:04:06.318+0000] {subprocess.py:93} INFO - - models.fact_trip.staging
[2024-10-12T13:04:06.319+0000] {subprocess.py:93} INFO - - models.fact_trip.Dimensions
[2024-10-12T13:04:06.613+0000] {subprocess.py:93} INFO - [0m13:04:06  Found 4 models, 6 data tests, 3 sources, 566 macros
[2024-10-12T13:04:06.616+0000] {subprocess.py:93} INFO - [0m13:04:06
[2024-10-12T13:04:06.802+0000] {subprocess.py:93} INFO - [0m13:04:06  Concurrency: 3 threads (target='dev')
[2024-10-12T13:04:06.803+0000] {subprocess.py:93} INFO - [0m13:04:06
[2024-10-12T13:04:06.814+0000] {subprocess.py:93} INFO - [0m13:04:06  1 of 1 START sql view model analysis.yellow_trip ............................... [RUN]
[2024-10-12T13:04:06.933+0000] {subprocess.py:93} INFO - [0m13:04:06  1 of 1 ERROR creating sql view model analysis.yellow_trip ...................... [[31mERROR[0m in 0.12s]
[2024-10-12T13:04:06.951+0000] {subprocess.py:93} INFO - [0m13:04:06
[2024-10-12T13:04:06.952+0000] {subprocess.py:93} INFO - [0m13:04:06  Finished running 1 view model in 0 hours 0 minutes and 0.33 seconds (0.33s).
[2024-10-12T13:04:07.013+0000] {subprocess.py:93} INFO - [0m13:04:07
[2024-10-12T13:04:07.014+0000] {subprocess.py:93} INFO - [0m13:04:07  [31mCompleted with 1 error and 0 warnings:[0m
[2024-10-12T13:04:07.015+0000] {subprocess.py:93} INFO - [0m13:04:07
[2024-10-12T13:04:07.015+0000] {subprocess.py:93} INFO - [0m13:04:07    Database Error in model yellow_trip (models/Staging/yellow_trip.sql)
[2024-10-12T13:04:07.015+0000] {subprocess.py:93} INFO -   relation "public.yellow_trip" does not exist
[2024-10-12T13:04:07.016+0000] {subprocess.py:93} INFO -   LINE 16:     FROM "nyc_taxi_trip"."public"."yellow_trip"
[2024-10-12T13:04:07.016+0000] {subprocess.py:93} INFO -                     ^
[2024-10-12T13:04:07.016+0000] {subprocess.py:93} INFO -   compiled code at target/run/fact_trip/models/Staging/yellow_trip.sql
[2024-10-12T13:04:07.016+0000] {subprocess.py:93} INFO - [0m13:04:07
[2024-10-12T13:04:07.016+0000] {subprocess.py:93} INFO - [0m13:04:07  Done. PASS=0 WARN=0 ERROR=1 SKIP=0 TOTAL=1
[2024-10-12T13:04:08.170+0000] {subprocess.py:97} INFO - Command exited with return code 1
[2024-10-12T13:04:08.171+0000] {taskinstance.py:441} INFO - ::group::Post task execution logs
[2024-10-12T13:04:08.183+0000] {taskinstance.py:2905} ERROR - Task failed with exception
Traceback (most recent call last):
  File "/home/airflow/.local/lib/python3.9/site-packages/airflow/models/taskinstance.py", line 465, in _execute_task
    result = _execute_callable(context=context, **execute_callable_kwargs)
  File "/home/airflow/.local/lib/python3.9/site-packages/airflow/models/taskinstance.py", line 432, in _execute_callable
    return execute_callable(context=context, **execute_callable_kwargs)
  File "/home/airflow/.local/lib/python3.9/site-packages/airflow/models/baseoperator.py", line 400, in wrapper
    return func(self, *args, **kwargs)
  File "/home/airflow/.local/lib/python3.9/site-packages/airflow/operators/bash.py", line 243, in execute
    raise AirflowException(
airflow.exceptions.AirflowException: Bash command failed. The command returned a non-zero exit code 1.
[2024-10-12T13:04:08.186+0000] {taskinstance.py:1206} INFO - Marking task as FAILED. dag_id=Taxi_trip_pipeline, task_id=dbt_transformation_layer.dbt_run_model_yellow_trip, run_id=manual__2024-10-12T13:03:08.986267+00:00, execution_date=20241012T130308, start_date=20241012T130358, end_date=20241012T130408
[2024-10-12T13:04:08.201+0000] {standard_task_runner.py:110} ERROR - Failed to execute job 14 for task dbt_transformation_layer.dbt_run_model_yellow_trip (Bash command failed. The command returned a non-zero exit code 1.; 158)
[2024-10-12T13:04:08.214+0000] {local_task_job_runner.py:240} INFO - Task exited with return code 1
[2024-10-12T13:04:08.237+0000] {taskinstance.py:3498} INFO - 0 downstream tasks scheduled from follow-on schedule check
[2024-10-12T13:04:08.241+0000] {local_task_job_runner.py:222} INFO - ::endgroup::
