[2024-09-20T16:09:23.566+0000] {local_task_job_runner.py:123} INFO - ::group::Pre task execution logs
[2024-09-20T16:09:23.744+0000] {taskinstance.py:2612} INFO - Dependencies all met for dep_context=non-requeueable deps ti=<TaskInstance: NYC_Taxi_pipeline.dbt_test manual__2024-09-20T15:59:35.780109+00:00 [queued]>
[2024-09-20T16:09:23.752+0000] {taskinstance.py:2612} INFO - Dependencies all met for dep_context=requeueable deps ti=<TaskInstance: NYC_Taxi_pipeline.dbt_test manual__2024-09-20T15:59:35.780109+00:00 [queued]>
[2024-09-20T16:09:23.753+0000] {taskinstance.py:2865} INFO - Starting attempt 2 of 2
[2024-09-20T16:09:23.764+0000] {taskinstance.py:2888} INFO - Executing <Task(BashOperator): dbt_test> on 2024-09-20 15:59:35.780109+00:00
[2024-09-20T16:09:23.772+0000] {warnings.py:112} WARNING - /home/***/.local/lib/python3.12/site-packages/***/task/task_runner/standard_task_runner.py:70: DeprecationWarning: This process (pid=61) is multi-threaded, use of fork() may lead to deadlocks in the child.
  pid = os.fork()

[2024-09-20T16:09:23.773+0000] {standard_task_runner.py:72} INFO - Started process 63 to run task
[2024-09-20T16:09:23.773+0000] {standard_task_runner.py:104} INFO - Running: ['***', 'tasks', 'run', 'NYC_Taxi_pipeline', 'dbt_test', 'manual__2024-09-20T15:59:35.780109+00:00', '--job-id', '268', '--raw', '--subdir', 'DAGS_FOLDER/NYC_Taxi_pipeline.py', '--cfg-path', '/tmp/tmpiz8uf4bx']
[2024-09-20T16:09:23.776+0000] {standard_task_runner.py:105} INFO - Job 268: Subtask dbt_test
[2024-09-20T16:09:23.814+0000] {task_command.py:467} INFO - Running <TaskInstance: NYC_Taxi_pipeline.dbt_test manual__2024-09-20T15:59:35.780109+00:00 [running]> on host f421c61f559c
[2024-09-20T16:09:23.891+0000] {taskinstance.py:3131} INFO - Exporting env vars: AIRFLOW_CTX_DAG_OWNER='Mahmoud' AIRFLOW_CTX_DAG_ID='NYC_Taxi_pipeline' AIRFLOW_CTX_TASK_ID='dbt_test' AIRFLOW_CTX_EXECUTION_DATE='2024-09-20T15:59:35.780109+00:00' AIRFLOW_CTX_TRY_NUMBER='2' AIRFLOW_CTX_DAG_RUN_ID='manual__2024-09-20T15:59:35.780109+00:00'
[2024-09-20T16:09:23.893+0000] {taskinstance.py:731} INFO - ::endgroup::
[2024-09-20T16:09:23.905+0000] {subprocess.py:63} INFO - Tmp dir root location: /tmp
[2024-09-20T16:09:23.905+0000] {subprocess.py:75} INFO - Running command: ['/usr/bin/bash', '-c', 'dbt test --profiles-dir ./incloud/DBT_Project --project-dir ./incloud/DBT_Project']
[2024-09-20T16:09:23.919+0000] {subprocess.py:86} INFO - Output:
[2024-09-20T16:09:26.205+0000] {subprocess.py:93} INFO - Usage: dbt test [OPTIONS]
[2024-09-20T16:09:26.205+0000] {subprocess.py:93} INFO - Try 'dbt test -h' for help.
[2024-09-20T16:09:26.205+0000] {subprocess.py:93} INFO - 
[2024-09-20T16:09:26.205+0000] {subprocess.py:93} INFO - Error: Invalid value for '--profiles-dir': Path './incloud/DBT_Project' does not exist.
[2024-09-20T16:09:26.482+0000] {subprocess.py:97} INFO - Command exited with return code 2
[2024-09-20T16:09:26.494+0000] {taskinstance.py:3310} ERROR - Task failed with exception
Traceback (most recent call last):
  File "/home/airflow/.local/lib/python3.12/site-packages/airflow/models/taskinstance.py", line 767, in _execute_task
    result = _execute_callable(context=context, **execute_callable_kwargs)
             ^^^^^^^^^^^^^^^^^^^^^^^^^^^^^^^^^^^^^^^^^^^^^^^^^^^^^^^^^^^^^
  File "/home/airflow/.local/lib/python3.12/site-packages/airflow/models/taskinstance.py", line 733, in _execute_callable
    return ExecutionCallableRunner(
           ^^^^^^^^^^^^^^^^^^^^^^^^
  File "/home/airflow/.local/lib/python3.12/site-packages/airflow/utils/operator_helpers.py", line 252, in run
    return self.func(*args, **kwargs)
           ^^^^^^^^^^^^^^^^^^^^^^^^^^
  File "/home/airflow/.local/lib/python3.12/site-packages/airflow/models/baseoperator.py", line 406, in wrapper
    return func(self, *args, **kwargs)
           ^^^^^^^^^^^^^^^^^^^^^^^^^^^
  File "/home/airflow/.local/lib/python3.12/site-packages/airflow/operators/bash.py", line 249, in execute
    raise AirflowException(
airflow.exceptions.AirflowException: Bash command failed. The command returned a non-zero exit code 2.
[2024-09-20T16:09:26.499+0000] {taskinstance.py:1225} INFO - Marking task as FAILED. dag_id=NYC_Taxi_pipeline, task_id=dbt_test, run_id=manual__2024-09-20T15:59:35.780109+00:00, execution_date=20240920T155935, start_date=20240920T160923, end_date=20240920T160926
[2024-09-20T16:09:26.511+0000] {taskinstance.py:340} INFO - ::group::Post task execution logs
[2024-09-20T16:09:26.512+0000] {standard_task_runner.py:124} ERROR - Failed to execute job 268 for task dbt_test (Bash command failed. The command returned a non-zero exit code 2.; 63)
Traceback (most recent call last):
  File "/home/airflow/.local/lib/python3.12/site-packages/airflow/task/task_runner/standard_task_runner.py", line 117, in _start_by_fork
    ret = args.func(args, dag=self.dag)
          ^^^^^^^^^^^^^^^^^^^^^^^^^^^^^
  File "/home/airflow/.local/lib/python3.12/site-packages/airflow/cli/cli_config.py", line 49, in command
    return func(*args, **kwargs)
           ^^^^^^^^^^^^^^^^^^^^^
  File "/home/airflow/.local/lib/python3.12/site-packages/airflow/utils/cli.py", line 115, in wrapper
    return f(*args, **kwargs)
           ^^^^^^^^^^^^^^^^^^
  File "/home/airflow/.local/lib/python3.12/site-packages/airflow/cli/commands/task_command.py", line 483, in task_run
    task_return_code = _run_task_by_selected_method(args, _dag, ti)
                       ^^^^^^^^^^^^^^^^^^^^^^^^^^^^^^^^^^^^^^^^^^^^
  File "/home/airflow/.local/lib/python3.12/site-packages/airflow/cli/commands/task_command.py", line 256, in _run_task_by_selected_method
    return _run_raw_task(args, ti)
           ^^^^^^^^^^^^^^^^^^^^^^^
  File "/home/airflow/.local/lib/python3.12/site-packages/airflow/cli/commands/task_command.py", line 341, in _run_raw_task
    return ti._run_raw_task(
           ^^^^^^^^^^^^^^^^^
  File "/home/airflow/.local/lib/python3.12/site-packages/airflow/utils/session.py", line 97, in wrapper
    return func(*args, session=session, **kwargs)
           ^^^^^^^^^^^^^^^^^^^^^^^^^^^^^^^^^^^^^^
  File "/home/airflow/.local/lib/python3.12/site-packages/airflow/models/taskinstance.py", line 3004, in _run_raw_task
    return _run_raw_task(
           ^^^^^^^^^^^^^^
  File "/home/airflow/.local/lib/python3.12/site-packages/airflow/models/taskinstance.py", line 273, in _run_raw_task
    TaskInstance._execute_task_with_callbacks(
  File "/home/airflow/.local/lib/python3.12/site-packages/airflow/models/taskinstance.py", line 3158, in _execute_task_with_callbacks
    result = self._execute_task(context, task_orig)
             ^^^^^^^^^^^^^^^^^^^^^^^^^^^^^^^^^^^^^^
  File "/home/airflow/.local/lib/python3.12/site-packages/airflow/models/taskinstance.py", line 3182, in _execute_task
    return _execute_task(self, context, task_orig)
           ^^^^^^^^^^^^^^^^^^^^^^^^^^^^^^^^^^^^^^^
  File "/home/airflow/.local/lib/python3.12/site-packages/airflow/models/taskinstance.py", line 767, in _execute_task
    result = _execute_callable(context=context, **execute_callable_kwargs)
             ^^^^^^^^^^^^^^^^^^^^^^^^^^^^^^^^^^^^^^^^^^^^^^^^^^^^^^^^^^^^^
  File "/home/airflow/.local/lib/python3.12/site-packages/airflow/models/taskinstance.py", line 733, in _execute_callable
    return ExecutionCallableRunner(
           ^^^^^^^^^^^^^^^^^^^^^^^^
  File "/home/airflow/.local/lib/python3.12/site-packages/airflow/utils/operator_helpers.py", line 252, in run
    return self.func(*args, **kwargs)
           ^^^^^^^^^^^^^^^^^^^^^^^^^^
  File "/home/airflow/.local/lib/python3.12/site-packages/airflow/models/baseoperator.py", line 406, in wrapper
    return func(self, *args, **kwargs)
           ^^^^^^^^^^^^^^^^^^^^^^^^^^^
  File "/home/airflow/.local/lib/python3.12/site-packages/airflow/operators/bash.py", line 249, in execute
    raise AirflowException(
airflow.exceptions.AirflowException: Bash command failed. The command returned a non-zero exit code 2.
[2024-09-20T16:09:26.553+0000] {local_task_job_runner.py:266} INFO - Task exited with return code 1
[2024-09-20T16:09:26.575+0000] {taskinstance.py:3900} INFO - 0 downstream tasks scheduled from follow-on schedule check
[2024-09-20T16:09:26.577+0000] {local_task_job_runner.py:245} INFO - ::endgroup::
