[2024-10-01T06:36:08.745+0000] {local_task_job_runner.py:120} INFO - ::group::Pre task execution logs
[2024-10-01T06:36:08.768+0000] {taskinstance.py:2076} INFO - Dependencies all met for dep_context=non-requeueable deps ti=<TaskInstance: Taxi_trip_pipeline.dbt_staging_layer.dbt_run_green_trip scheduled__2024-09-30T00:00:00+00:00 [queued]>
[2024-10-01T06:36:08.778+0000] {taskinstance.py:2076} INFO - Dependencies all met for dep_context=requeueable deps ti=<TaskInstance: Taxi_trip_pipeline.dbt_staging_layer.dbt_run_green_trip scheduled__2024-09-30T00:00:00+00:00 [queued]>
[2024-10-01T06:36:08.779+0000] {taskinstance.py:2306} INFO - Starting attempt 2 of 2
[2024-10-01T06:36:08.792+0000] {taskinstance.py:2330} INFO - Executing <Task(BashOperator): dbt_staging_layer.dbt_run_green_trip> on 2024-09-30 00:00:00+00:00
[2024-10-01T06:36:08.798+0000] {standard_task_runner.py:63} INFO - Started process 107 to run task
[2024-10-01T06:36:08.801+0000] {standard_task_runner.py:90} INFO - Running: ['***', 'tasks', 'run', 'Taxi_trip_pipeline', 'dbt_staging_layer.dbt_run_green_trip', 'scheduled__2024-09-30T00:00:00+00:00', '--job-id', '134', '--raw', '--subdir', 'DAGS_FOLDER/taxi_trip.py', '--cfg-path', '/tmp/tmp3crwxloh']
[2024-10-01T06:36:08.804+0000] {standard_task_runner.py:91} INFO - Job 134: Subtask dbt_staging_layer.dbt_run_green_trip
[2024-10-01T06:36:08.849+0000] {task_command.py:426} INFO - Running <TaskInstance: Taxi_trip_pipeline.dbt_staging_layer.dbt_run_green_trip scheduled__2024-09-30T00:00:00+00:00 [running]> on host fcb0f9e87e2b
[2024-10-01T06:36:08.927+0000] {taskinstance.py:2648} INFO - Exporting env vars: AIRFLOW_CTX_DAG_OWNER='Mahmoud' AIRFLOW_CTX_DAG_ID='Taxi_trip_pipeline' AIRFLOW_CTX_TASK_ID='dbt_staging_layer.dbt_run_green_trip' AIRFLOW_CTX_EXECUTION_DATE='2024-09-30T00:00:00+00:00' AIRFLOW_CTX_TRY_NUMBER='2' AIRFLOW_CTX_DAG_RUN_ID='scheduled__2024-09-30T00:00:00+00:00'
[2024-10-01T06:36:08.928+0000] {taskinstance.py:430} INFO - ::endgroup::
[2024-10-01T06:36:08.940+0000] {subprocess.py:63} INFO - Tmp dir root location: /tmp
[2024-10-01T06:36:08.941+0000] {subprocess.py:75} INFO - Running command: ['/usr/bin/bash', '-c', 'dbt run --profiles-dir /opt/***/DBT_Project  --project-dir /opt/***/dbt_trip --models green_trip']
[2024-10-01T06:36:08.955+0000] {subprocess.py:86} INFO - Output:
[2024-10-01T06:36:11.746+0000] {subprocess.py:93} INFO - [0m06:36:11  Running with dbt=1.8.0
[2024-10-01T06:36:12.062+0000] {subprocess.py:93} INFO - [0m06:36:12  Registered adapter: postgres=1.8.0
[2024-10-01T06:36:12.710+0000] {subprocess.py:93} INFO - [0m06:36:12  [[33mWARNING[0m]: Deprecated functionality
[2024-10-01T06:36:12.711+0000] {subprocess.py:93} INFO - The `tests` config has been renamed to `data_tests`. Please see
[2024-10-01T06:36:12.711+0000] {subprocess.py:93} INFO - https://docs.getdbt.com/docs/build/data-tests#new-data_tests-syntax for more
[2024-10-01T06:36:12.711+0000] {subprocess.py:93} INFO - information.
[2024-10-01T06:36:12.970+0000] {subprocess.py:93} INFO - [0m06:36:12  [[33mWARNING[0m]: Configuration paths exist in your dbt_project.yml file which do not apply to any resources.
[2024-10-01T06:36:12.971+0000] {subprocess.py:93} INFO - There are 2 unused configuration paths:
[2024-10-01T06:36:12.971+0000] {subprocess.py:93} INFO - - models.fact_trip.Dimensions
[2024-10-01T06:36:12.971+0000] {subprocess.py:93} INFO - - models.fact_trip.staging
[2024-10-01T06:36:13.152+0000] {subprocess.py:93} INFO - [0m06:36:13  Found 4 models, 6 data tests, 3 sources, 566 macros
[2024-10-01T06:36:13.154+0000] {subprocess.py:93} INFO - [0m06:36:13
[2024-10-01T06:36:13.297+0000] {subprocess.py:93} INFO - [0m06:36:13  Concurrency: 3 threads (target='dev')
[2024-10-01T06:36:13.297+0000] {subprocess.py:93} INFO - [0m06:36:13
[2024-10-01T06:36:13.310+0000] {subprocess.py:93} INFO - [0m06:36:13  1 of 1 START sql view model analysis.green_trip ................................ [RUN]
[2024-10-01T06:36:13.336+0000] {subprocess.py:93} INFO - [0m06:36:13  1 of 1 ERROR creating sql view model analysis.green_trip ....................... [[31mERROR[0m in 0.02s]
[2024-10-01T06:36:13.351+0000] {subprocess.py:93} INFO - [0m06:36:13
[2024-10-01T06:36:13.351+0000] {subprocess.py:93} INFO - [0m06:36:13  Finished running 1 view model in 0 hours 0 minutes and 0.20 seconds (0.20s).
[2024-10-01T06:36:13.410+0000] {subprocess.py:93} INFO - [0m06:36:13
[2024-10-01T06:36:13.411+0000] {subprocess.py:93} INFO - [0m06:36:13  [31mCompleted with 1 error and 0 warnings:[0m
[2024-10-01T06:36:13.412+0000] {subprocess.py:93} INFO - [0m06:36:13
[2024-10-01T06:36:13.412+0000] {subprocess.py:93} INFO - [0m06:36:13    Compilation Error in model green_trip (models/Staging/green_trip.sql)
[2024-10-01T06:36:13.412+0000] {subprocess.py:93} INFO -   'tripdata' is undefined. This can happen when calling a macro that does not exist. Check for typos and/or install package dependencies with "dbt deps".
[2024-10-01T06:36:13.413+0000] {subprocess.py:93} INFO - [0m06:36:13
[2024-10-01T06:36:13.413+0000] {subprocess.py:93} INFO - [0m06:36:13  Done. PASS=0 WARN=0 ERROR=1 SKIP=0 TOTAL=1
[2024-10-01T06:36:14.599+0000] {subprocess.py:97} INFO - Command exited with return code 1
[2024-10-01T06:36:14.599+0000] {taskinstance.py:441} INFO - ::group::Post task execution logs
[2024-10-01T06:36:14.613+0000] {taskinstance.py:2905} ERROR - Task failed with exception
Traceback (most recent call last):
  File "/home/airflow/.local/lib/python3.9/site-packages/airflow/models/taskinstance.py", line 465, in _execute_task
    result = _execute_callable(context=context, **execute_callable_kwargs)
  File "/home/airflow/.local/lib/python3.9/site-packages/airflow/models/taskinstance.py", line 432, in _execute_callable
    return execute_callable(context=context, **execute_callable_kwargs)
  File "/home/airflow/.local/lib/python3.9/site-packages/airflow/models/baseoperator.py", line 400, in wrapper
    return func(self, *args, **kwargs)
  File "/home/airflow/.local/lib/python3.9/site-packages/airflow/operators/bash.py", line 243, in execute
    raise AirflowException(
airflow.exceptions.AirflowException: Bash command failed. The command returned a non-zero exit code 1.
[2024-10-01T06:36:14.616+0000] {taskinstance.py:1206} INFO - Marking task as FAILED. dag_id=Taxi_trip_pipeline, task_id=dbt_staging_layer.dbt_run_green_trip, run_id=scheduled__2024-09-30T00:00:00+00:00, execution_date=20240930T000000, start_date=20241001T063608, end_date=20241001T063614
[2024-10-01T06:36:14.633+0000] {standard_task_runner.py:110} ERROR - Failed to execute job 134 for task dbt_staging_layer.dbt_run_green_trip (Bash command failed. The command returned a non-zero exit code 1.; 107)
[2024-10-01T06:36:14.667+0000] {local_task_job_runner.py:240} INFO - Task exited with return code 1
[2024-10-01T06:36:14.680+0000] {local_task_job_runner.py:222} INFO - ::endgroup::
