[2024-10-01T10:47:04.559+0000] {local_task_job_runner.py:120} INFO - ::group::Pre task execution logs
[2024-10-01T10:47:04.578+0000] {taskinstance.py:2076} INFO - Dependencies all met for dep_context=non-requeueable deps ti=<TaskInstance: Taxi_trip_pipeline.dbt_run_fact_trip manual__2024-10-01T10:32:20.925791+00:00 [queued]>
[2024-10-01T10:47:04.588+0000] {taskinstance.py:2076} INFO - Dependencies all met for dep_context=requeueable deps ti=<TaskInstance: Taxi_trip_pipeline.dbt_run_fact_trip manual__2024-10-01T10:32:20.925791+00:00 [queued]>
[2024-10-01T10:47:04.588+0000] {taskinstance.py:2306} INFO - Starting attempt 3 of 3
[2024-10-01T10:47:04.599+0000] {taskinstance.py:2330} INFO - Executing <Task(BashOperator): dbt_run_fact_trip> on 2024-10-01 10:32:20.925791+00:00
[2024-10-01T10:47:04.606+0000] {standard_task_runner.py:63} INFO - Started process 799 to run task
[2024-10-01T10:47:04.608+0000] {standard_task_runner.py:90} INFO - Running: ['***', 'tasks', 'run', 'Taxi_trip_pipeline', 'dbt_run_fact_trip', 'manual__2024-10-01T10:32:20.925791+00:00', '--job-id', '182', '--raw', '--subdir', 'DAGS_FOLDER/taxi_trip.py', '--cfg-path', '/tmp/tmpcrtqatzn']
[2024-10-01T10:47:04.610+0000] {standard_task_runner.py:91} INFO - Job 182: Subtask dbt_run_fact_trip
[2024-10-01T10:47:04.655+0000] {task_command.py:426} INFO - Running <TaskInstance: Taxi_trip_pipeline.dbt_run_fact_trip manual__2024-10-01T10:32:20.925791+00:00 [running]> on host fcb0f9e87e2b
[2024-10-01T10:47:04.736+0000] {taskinstance.py:2648} INFO - Exporting env vars: AIRFLOW_CTX_DAG_OWNER='Mahmoud' AIRFLOW_CTX_DAG_ID='Taxi_trip_pipeline' AIRFLOW_CTX_TASK_ID='dbt_run_fact_trip' AIRFLOW_CTX_EXECUTION_DATE='2024-10-01T10:32:20.925791+00:00' AIRFLOW_CTX_TRY_NUMBER='3' AIRFLOW_CTX_DAG_RUN_ID='manual__2024-10-01T10:32:20.925791+00:00'
[2024-10-01T10:47:04.737+0000] {taskinstance.py:430} INFO - ::endgroup::
[2024-10-01T10:47:04.748+0000] {subprocess.py:63} INFO - Tmp dir root location: /tmp
[2024-10-01T10:47:04.749+0000] {subprocess.py:75} INFO - Running command: ['/usr/bin/bash', '-c', 'dbt run --profiles-dir /opt/***/DBT_Project  --project-dir /opt/***/dbt_trip --models Fact_trip']
[2024-10-01T10:47:04.762+0000] {subprocess.py:86} INFO - Output:
[2024-10-01T10:47:07.422+0000] {subprocess.py:93} INFO - [0m10:47:07  Running with dbt=1.8.0
[2024-10-01T10:47:07.763+0000] {subprocess.py:93} INFO - [0m10:47:07  Registered adapter: postgres=1.8.0
[2024-10-01T10:47:08.096+0000] {subprocess.py:93} INFO - [0m10:47:08  [[33mWARNING[0m]: Configuration paths exist in your dbt_project.yml file which do not apply to any resources.
[2024-10-01T10:47:08.096+0000] {subprocess.py:93} INFO - There are 2 unused configuration paths:
[2024-10-01T10:47:08.096+0000] {subprocess.py:93} INFO - - models.fact_trip.Dimensions
[2024-10-01T10:47:08.097+0000] {subprocess.py:93} INFO - - models.fact_trip.staging
[2024-10-01T10:47:08.333+0000] {subprocess.py:93} INFO - [0m10:47:08  Found 4 models, 6 data tests, 3 sources, 566 macros
[2024-10-01T10:47:08.336+0000] {subprocess.py:93} INFO - [0m10:47:08
[2024-10-01T10:47:08.470+0000] {subprocess.py:93} INFO - [0m10:47:08  Concurrency: 3 threads (target='dev')
[2024-10-01T10:47:08.471+0000] {subprocess.py:93} INFO - [0m10:47:08
[2024-10-01T10:47:08.482+0000] {subprocess.py:93} INFO - [0m10:47:08  1 of 1 START sql view model analysis.Fact_trip ................................. [RUN]
[2024-10-01T10:47:08.574+0000] {subprocess.py:93} INFO - [0m10:47:08  1 of 1 ERROR creating sql view model analysis.Fact_trip ........................ [[31mERROR[0m in 0.09s]
[2024-10-01T10:47:08.587+0000] {subprocess.py:93} INFO - [0m10:47:08
[2024-10-01T10:47:08.587+0000] {subprocess.py:93} INFO - [0m10:47:08  Finished running 1 view model in 0 hours 0 minutes and 0.25 seconds (0.25s).
[2024-10-01T10:47:08.636+0000] {subprocess.py:93} INFO - [0m10:47:08
[2024-10-01T10:47:08.637+0000] {subprocess.py:93} INFO - [0m10:47:08  [31mCompleted with 1 error and 0 warnings:[0m
[2024-10-01T10:47:08.638+0000] {subprocess.py:93} INFO - [0m10:47:08
[2024-10-01T10:47:08.638+0000] {subprocess.py:93} INFO - [0m10:47:08    Database Error in model Fact_trip (models/Fact/Fact_trip.sql)
[2024-10-01T10:47:08.638+0000] {subprocess.py:93} INFO -   syntax error at or near "'taxi_type'"
[2024-10-01T10:47:08.639+0000] {subprocess.py:93} INFO -   LINE 16:     SELECT * ,"green_servise" as 'taxi_type'
[2024-10-01T10:47:08.639+0000] {subprocess.py:93} INFO -                                             ^
[2024-10-01T10:47:08.639+0000] {subprocess.py:93} INFO -   compiled code at target/run/fact_trip/models/Fact/Fact_trip.sql
[2024-10-01T10:47:08.639+0000] {subprocess.py:93} INFO - [0m10:47:08
[2024-10-01T10:47:08.640+0000] {subprocess.py:93} INFO - [0m10:47:08  Done. PASS=0 WARN=0 ERROR=1 SKIP=0 TOTAL=1
[2024-10-01T10:47:09.577+0000] {subprocess.py:97} INFO - Command exited with return code 1
[2024-10-01T10:47:09.578+0000] {taskinstance.py:441} INFO - ::group::Post task execution logs
[2024-10-01T10:47:09.591+0000] {taskinstance.py:2905} ERROR - Task failed with exception
Traceback (most recent call last):
  File "/home/airflow/.local/lib/python3.9/site-packages/airflow/models/taskinstance.py", line 465, in _execute_task
    result = _execute_callable(context=context, **execute_callable_kwargs)
  File "/home/airflow/.local/lib/python3.9/site-packages/airflow/models/taskinstance.py", line 432, in _execute_callable
    return execute_callable(context=context, **execute_callable_kwargs)
  File "/home/airflow/.local/lib/python3.9/site-packages/airflow/models/baseoperator.py", line 400, in wrapper
    return func(self, *args, **kwargs)
  File "/home/airflow/.local/lib/python3.9/site-packages/airflow/operators/bash.py", line 243, in execute
    raise AirflowException(
airflow.exceptions.AirflowException: Bash command failed. The command returned a non-zero exit code 1.
[2024-10-01T10:47:09.594+0000] {taskinstance.py:1206} INFO - Marking task as FAILED. dag_id=Taxi_trip_pipeline, task_id=dbt_run_fact_trip, run_id=manual__2024-10-01T10:32:20.925791+00:00, execution_date=20241001T103220, start_date=20241001T104704, end_date=20241001T104709
[2024-10-01T10:47:09.610+0000] {standard_task_runner.py:110} ERROR - Failed to execute job 182 for task dbt_run_fact_trip (Bash command failed. The command returned a non-zero exit code 1.; 799)
[2024-10-01T10:47:09.634+0000] {local_task_job_runner.py:240} INFO - Task exited with return code 1
[2024-10-01T10:47:09.652+0000] {taskinstance.py:3498} INFO - 0 downstream tasks scheduled from follow-on schedule check
[2024-10-01T10:47:09.653+0000] {local_task_job_runner.py:222} INFO - ::endgroup::
