[2024-09-30T17:59:24.197+0000] {local_task_job_runner.py:120} INFO - ::group::Pre task execution logs
[2024-09-30T17:59:24.225+0000] {taskinstance.py:2076} INFO - Dependencies all met for dep_context=non-requeueable deps ti=<TaskInstance: Taxi_trip_pipeline.dbt_staging_layer.dbt_run_zone_lookup manual__2024-09-30T17:47:30.127854+00:00 [queued]>
[2024-09-30T17:59:24.237+0000] {taskinstance.py:2076} INFO - Dependencies all met for dep_context=requeueable deps ti=<TaskInstance: Taxi_trip_pipeline.dbt_staging_layer.dbt_run_zone_lookup manual__2024-09-30T17:47:30.127854+00:00 [queued]>
[2024-09-30T17:59:24.238+0000] {taskinstance.py:2306} INFO - Starting attempt 5 of 5
[2024-09-30T17:59:24.250+0000] {taskinstance.py:2330} INFO - Executing <Task(BashOperator): dbt_staging_layer.dbt_run_zone_lookup> on 2024-09-30 17:47:30.127854+00:00
[2024-09-30T17:59:24.257+0000] {standard_task_runner.py:63} INFO - Started process 529 to run task
[2024-09-30T17:59:24.261+0000] {standard_task_runner.py:90} INFO - Running: ['***', 'tasks', 'run', 'Taxi_trip_pipeline', 'dbt_staging_layer.dbt_run_zone_lookup', 'manual__2024-09-30T17:47:30.127854+00:00', '--job-id', '69', '--raw', '--subdir', 'DAGS_FOLDER/taxi_trip.py', '--cfg-path', '/tmp/tmpduiztsrz']
[2024-09-30T17:59:24.263+0000] {standard_task_runner.py:91} INFO - Job 69: Subtask dbt_staging_layer.dbt_run_zone_lookup
[2024-09-30T17:59:24.311+0000] {task_command.py:426} INFO - Running <TaskInstance: Taxi_trip_pipeline.dbt_staging_layer.dbt_run_zone_lookup manual__2024-09-30T17:47:30.127854+00:00 [running]> on host 72cf0e8bafa8
[2024-09-30T17:59:24.397+0000] {taskinstance.py:2648} INFO - Exporting env vars: AIRFLOW_CTX_DAG_OWNER='Mahmoud' AIRFLOW_CTX_DAG_ID='Taxi_trip_pipeline' AIRFLOW_CTX_TASK_ID='dbt_staging_layer.dbt_run_zone_lookup' AIRFLOW_CTX_EXECUTION_DATE='2024-09-30T17:47:30.127854+00:00' AIRFLOW_CTX_TRY_NUMBER='5' AIRFLOW_CTX_DAG_RUN_ID='manual__2024-09-30T17:47:30.127854+00:00'
[2024-09-30T17:59:24.398+0000] {taskinstance.py:430} INFO - ::endgroup::
[2024-09-30T17:59:24.410+0000] {subprocess.py:63} INFO - Tmp dir root location: /tmp
[2024-09-30T17:59:24.411+0000] {subprocess.py:75} INFO - Running command: ['/usr/bin/bash', '-c', 'dbt run --profiles-dir /opt/***/DBT_Project  --project-dir /opt/***/dbt_trip --models zone_lookup']
[2024-09-30T17:59:24.424+0000] {subprocess.py:86} INFO - Output:
[2024-09-30T17:59:27.246+0000] {subprocess.py:93} INFO - [0m17:59:27  Running with dbt=1.8.0
[2024-09-30T17:59:27.592+0000] {subprocess.py:93} INFO - [0m17:59:27  Registered adapter: postgres=1.8.0
[2024-09-30T17:59:28.547+0000] {subprocess.py:93} INFO - [0m17:59:28  [[33mWARNING[0m]: Deprecated functionality
[2024-09-30T17:59:28.547+0000] {subprocess.py:93} INFO - The `tests` config has been renamed to `data_tests`. Please see
[2024-09-30T17:59:28.548+0000] {subprocess.py:93} INFO - https://docs.getdbt.com/docs/build/data-tests#new-data_tests-syntax for more
[2024-09-30T17:59:28.548+0000] {subprocess.py:93} INFO - information.
[2024-09-30T17:59:28.916+0000] {subprocess.py:93} INFO - [0m17:59:28  [[33mWARNING[0m]: Configuration paths exist in your dbt_project.yml file which do not apply to any resources.
[2024-09-30T17:59:28.917+0000] {subprocess.py:93} INFO - There are 2 unused configuration paths:
[2024-09-30T17:59:28.917+0000] {subprocess.py:93} INFO - - models.fact_trip.staging
[2024-09-30T17:59:28.917+0000] {subprocess.py:93} INFO - - models.fact_trip.Dimensions
[2024-09-30T17:59:29.250+0000] {subprocess.py:93} INFO - [0m17:59:29  Found 4 models, 6 data tests, 3 sources, 566 macros
[2024-09-30T17:59:29.253+0000] {subprocess.py:93} INFO - [0m17:59:29
[2024-09-30T17:59:29.443+0000] {subprocess.py:93} INFO - [0m17:59:29  Concurrency: 3 threads (target='dev')
[2024-09-30T17:59:29.444+0000] {subprocess.py:93} INFO - [0m17:59:29
[2024-09-30T17:59:29.464+0000] {subprocess.py:93} INFO - [0m17:59:29  1 of 1 START sql view model analysis.zone_lookup ............................... [RUN]
[2024-09-30T17:59:29.629+0000] {subprocess.py:93} INFO - [0m17:59:29  1 of 1 ERROR creating sql view model analysis.zone_lookup ...................... [[31mERROR[0m in 0.16s]
[2024-09-30T17:59:29.656+0000] {subprocess.py:93} INFO - [0m17:59:29
[2024-09-30T17:59:29.658+0000] {subprocess.py:93} INFO - [0m17:59:29  Finished running 1 view model in 0 hours 0 minutes and 0.40 seconds (0.40s).
[2024-09-30T17:59:29.808+0000] {subprocess.py:93} INFO - [0m17:59:29
[2024-09-30T17:59:29.812+0000] {subprocess.py:93} INFO - [0m17:59:29  [31mCompleted with 1 error and 0 warnings:[0m
[2024-09-30T17:59:29.813+0000] {subprocess.py:93} INFO - [0m17:59:29
[2024-09-30T17:59:29.816+0000] {subprocess.py:93} INFO - [0m17:59:29    Database Error in model zone_lookup (models/Staging/zone_lookup.sql)
[2024-09-30T17:59:29.817+0000] {subprocess.py:93} INFO -   syntax error at or near ";"
[2024-09-30T17:59:29.817+0000] {subprocess.py:93} INFO -   LINE 17: SELECT * FROM zone;
[2024-09-30T17:59:29.818+0000] {subprocess.py:93} INFO -                              ^
[2024-09-30T17:59:29.818+0000] {subprocess.py:93} INFO -   compiled code at target/run/fact_trip/models/Staging/zone_lookup.sql
[2024-09-30T17:59:29.819+0000] {subprocess.py:93} INFO - [0m17:59:29
[2024-09-30T17:59:29.822+0000] {subprocess.py:93} INFO - [0m17:59:29  Done. PASS=0 WARN=0 ERROR=1 SKIP=0 TOTAL=1
[2024-09-30T17:59:30.993+0000] {subprocess.py:97} INFO - Command exited with return code 1
[2024-09-30T17:59:30.994+0000] {taskinstance.py:441} INFO - ::group::Post task execution logs
[2024-09-30T17:59:31.009+0000] {taskinstance.py:2905} ERROR - Task failed with exception
Traceback (most recent call last):
  File "/home/airflow/.local/lib/python3.9/site-packages/airflow/models/taskinstance.py", line 465, in _execute_task
    result = _execute_callable(context=context, **execute_callable_kwargs)
  File "/home/airflow/.local/lib/python3.9/site-packages/airflow/models/taskinstance.py", line 432, in _execute_callable
    return execute_callable(context=context, **execute_callable_kwargs)
  File "/home/airflow/.local/lib/python3.9/site-packages/airflow/models/baseoperator.py", line 400, in wrapper
    return func(self, *args, **kwargs)
  File "/home/airflow/.local/lib/python3.9/site-packages/airflow/operators/bash.py", line 243, in execute
    raise AirflowException(
airflow.exceptions.AirflowException: Bash command failed. The command returned a non-zero exit code 1.
[2024-09-30T17:59:31.013+0000] {taskinstance.py:1206} INFO - Marking task as FAILED. dag_id=Taxi_trip_pipeline, task_id=dbt_staging_layer.dbt_run_zone_lookup, run_id=manual__2024-09-30T17:47:30.127854+00:00, execution_date=20240930T174730, start_date=20240930T175924, end_date=20240930T175931
[2024-09-30T17:59:31.028+0000] {standard_task_runner.py:110} ERROR - Failed to execute job 69 for task dbt_staging_layer.dbt_run_zone_lookup (Bash command failed. The command returned a non-zero exit code 1.; 529)
[2024-09-30T17:59:31.066+0000] {local_task_job_runner.py:240} INFO - Task exited with return code 1
[2024-09-30T17:59:31.075+0000] {local_task_job_runner.py:222} INFO - ::endgroup::
