[2024-09-30T17:57:09.370+0000] {local_task_job_runner.py:120} INFO - ::group::Pre task execution logs
[2024-09-30T17:57:09.394+0000] {taskinstance.py:2076} INFO - Dependencies all met for dep_context=non-requeueable deps ti=<TaskInstance: Taxi_trip_pipeline.dbt_staging_layer.dbt_run_zone_lookup manual__2024-09-30T17:47:30.127854+00:00 [queued]>
[2024-09-30T17:57:09.406+0000] {taskinstance.py:2076} INFO - Dependencies all met for dep_context=requeueable deps ti=<TaskInstance: Taxi_trip_pipeline.dbt_staging_layer.dbt_run_zone_lookup manual__2024-09-30T17:47:30.127854+00:00 [queued]>
[2024-09-30T17:57:09.407+0000] {taskinstance.py:2306} INFO - Starting attempt 4 of 4
[2024-09-30T17:57:09.423+0000] {taskinstance.py:2330} INFO - Executing <Task(BashOperator): dbt_staging_layer.dbt_run_zone_lookup> on 2024-09-30 17:47:30.127854+00:00
[2024-09-30T17:57:09.431+0000] {standard_task_runner.py:63} INFO - Started process 463 to run task
[2024-09-30T17:57:09.434+0000] {standard_task_runner.py:90} INFO - Running: ['***', 'tasks', 'run', 'Taxi_trip_pipeline', 'dbt_staging_layer.dbt_run_zone_lookup', 'manual__2024-09-30T17:47:30.127854+00:00', '--job-id', '66', '--raw', '--subdir', 'DAGS_FOLDER/taxi_trip.py', '--cfg-path', '/tmp/tmpwiqrndqu']
[2024-09-30T17:57:09.436+0000] {standard_task_runner.py:91} INFO - Job 66: Subtask dbt_staging_layer.dbt_run_zone_lookup
[2024-09-30T17:57:09.486+0000] {task_command.py:426} INFO - Running <TaskInstance: Taxi_trip_pipeline.dbt_staging_layer.dbt_run_zone_lookup manual__2024-09-30T17:47:30.127854+00:00 [running]> on host 72cf0e8bafa8
[2024-09-30T17:57:09.569+0000] {taskinstance.py:2648} INFO - Exporting env vars: AIRFLOW_CTX_DAG_OWNER='Mahmoud' AIRFLOW_CTX_DAG_ID='Taxi_trip_pipeline' AIRFLOW_CTX_TASK_ID='dbt_staging_layer.dbt_run_zone_lookup' AIRFLOW_CTX_EXECUTION_DATE='2024-09-30T17:47:30.127854+00:00' AIRFLOW_CTX_TRY_NUMBER='4' AIRFLOW_CTX_DAG_RUN_ID='manual__2024-09-30T17:47:30.127854+00:00'
[2024-09-30T17:57:09.570+0000] {taskinstance.py:430} INFO - ::endgroup::
[2024-09-30T17:57:09.583+0000] {subprocess.py:63} INFO - Tmp dir root location: /tmp
[2024-09-30T17:57:09.584+0000] {subprocess.py:75} INFO - Running command: ['/usr/bin/bash', '-c', 'dbt run --profiles-dir /opt/***/DBT_Project  --project-dir /opt/***/dbt_trip --models zone_lookup']
[2024-09-30T17:57:09.598+0000] {subprocess.py:86} INFO - Output:
[2024-09-30T17:57:12.466+0000] {subprocess.py:93} INFO - [0m17:57:12  Running with dbt=1.8.0
[2024-09-30T17:57:12.796+0000] {subprocess.py:93} INFO - [0m17:57:12  Registered adapter: postgres=1.8.0
[2024-09-30T17:57:13.175+0000] {subprocess.py:93} INFO - [0m17:57:13  Unable to do partial parsing because of a version mismatch
[2024-09-30T17:57:15.491+0000] {subprocess.py:93} INFO - [0m17:57:15  [[33mWARNING[0m]: Deprecated functionality
[2024-09-30T17:57:15.492+0000] {subprocess.py:93} INFO - The `tests` config has been renamed to `data_tests`. Please see
[2024-09-30T17:57:15.492+0000] {subprocess.py:93} INFO - https://docs.getdbt.com/docs/build/data-tests#new-data_tests-syntax for more
[2024-09-30T17:57:15.492+0000] {subprocess.py:93} INFO - information.
[2024-09-30T17:57:15.984+0000] {subprocess.py:93} INFO - [0m17:57:15  [[33mWARNING[0m]: Configuration paths exist in your dbt_project.yml file which do not apply to any resources.
[2024-09-30T17:57:15.985+0000] {subprocess.py:93} INFO - There are 2 unused configuration paths:
[2024-09-30T17:57:15.985+0000] {subprocess.py:93} INFO - - models.fact_trip.staging
[2024-09-30T17:57:15.985+0000] {subprocess.py:93} INFO - - models.fact_trip.Dimensions
[2024-09-30T17:57:16.222+0000] {subprocess.py:93} INFO - [0m17:57:16  Found 4 models, 6 data tests, 3 sources, 566 macros
[2024-09-30T17:57:16.227+0000] {subprocess.py:93} INFO - [0m17:57:16
[2024-09-30T17:57:16.418+0000] {subprocess.py:93} INFO - [0m17:57:16  Concurrency: 3 threads (target='dev')
[2024-09-30T17:57:16.421+0000] {subprocess.py:93} INFO - [0m17:57:16
[2024-09-30T17:57:16.437+0000] {subprocess.py:93} INFO - [0m17:57:16  1 of 1 START sql view model analysis.zone_lookup ............................... [RUN]
[2024-09-30T17:57:16.578+0000] {subprocess.py:93} INFO - [0m17:57:16  1 of 1 ERROR creating sql view model analysis.zone_lookup ...................... [[31mERROR[0m in 0.14s]
[2024-09-30T17:57:16.596+0000] {subprocess.py:93} INFO - [0m17:57:16
[2024-09-30T17:57:16.597+0000] {subprocess.py:93} INFO - [0m17:57:16  Finished running 1 view model in 0 hours 0 minutes and 0.37 seconds (0.37s).
[2024-09-30T17:57:16.671+0000] {subprocess.py:93} INFO - [0m17:57:16
[2024-09-30T17:57:16.671+0000] {subprocess.py:93} INFO - [0m17:57:16  [31mCompleted with 1 error and 0 warnings:[0m
[2024-09-30T17:57:16.672+0000] {subprocess.py:93} INFO - [0m17:57:16
[2024-09-30T17:57:16.673+0000] {subprocess.py:93} INFO - [0m17:57:16    Database Error in model zone_lookup (models/Staging/zone_lookup.sql)
[2024-09-30T17:57:16.673+0000] {subprocess.py:93} INFO -   syntax error at or near ";"
[2024-09-30T17:57:16.673+0000] {subprocess.py:93} INFO -   LINE 17: SELECT * FROM zone;
[2024-09-30T17:57:16.673+0000] {subprocess.py:93} INFO -                              ^
[2024-09-30T17:57:16.674+0000] {subprocess.py:93} INFO -   compiled code at target/run/fact_trip/models/Staging/zone_lookup.sql
[2024-09-30T17:57:16.674+0000] {subprocess.py:93} INFO - [0m17:57:16
[2024-09-30T17:57:16.674+0000] {subprocess.py:93} INFO - [0m17:57:16  Done. PASS=0 WARN=0 ERROR=1 SKIP=0 TOTAL=1
[2024-09-30T17:57:17.998+0000] {subprocess.py:97} INFO - Command exited with return code 1
[2024-09-30T17:57:17.999+0000] {taskinstance.py:441} INFO - ::group::Post task execution logs
[2024-09-30T17:57:18.009+0000] {taskinstance.py:2905} ERROR - Task failed with exception
Traceback (most recent call last):
  File "/home/airflow/.local/lib/python3.9/site-packages/airflow/models/taskinstance.py", line 465, in _execute_task
    result = _execute_callable(context=context, **execute_callable_kwargs)
  File "/home/airflow/.local/lib/python3.9/site-packages/airflow/models/taskinstance.py", line 432, in _execute_callable
    return execute_callable(context=context, **execute_callable_kwargs)
  File "/home/airflow/.local/lib/python3.9/site-packages/airflow/models/baseoperator.py", line 400, in wrapper
    return func(self, *args, **kwargs)
  File "/home/airflow/.local/lib/python3.9/site-packages/airflow/operators/bash.py", line 243, in execute
    raise AirflowException(
airflow.exceptions.AirflowException: Bash command failed. The command returned a non-zero exit code 1.
[2024-09-30T17:57:18.012+0000] {taskinstance.py:1206} INFO - Marking task as FAILED. dag_id=Taxi_trip_pipeline, task_id=dbt_staging_layer.dbt_run_zone_lookup, run_id=manual__2024-09-30T17:47:30.127854+00:00, execution_date=20240930T174730, start_date=20240930T175709, end_date=20240930T175718
[2024-09-30T17:57:18.025+0000] {standard_task_runner.py:110} ERROR - Failed to execute job 66 for task dbt_staging_layer.dbt_run_zone_lookup (Bash command failed. The command returned a non-zero exit code 1.; 463)
[2024-09-30T17:57:18.075+0000] {local_task_job_runner.py:240} INFO - Task exited with return code 1
[2024-09-30T17:57:18.098+0000] {taskinstance.py:3498} INFO - 0 downstream tasks scheduled from follow-on schedule check
[2024-09-30T17:57:18.100+0000] {local_task_job_runner.py:222} INFO - ::endgroup::
