[2024-10-01T09:26:43.352+0000] {local_task_job_runner.py:120} INFO - ::group::Pre task execution logs
[2024-10-01T09:26:43.372+0000] {taskinstance.py:2076} INFO - Dependencies all met for dep_context=non-requeueable deps ti=<TaskInstance: Taxi_trip_pipeline.dbt_staging_layer.dbt_run_yellow_trip scheduled__2024-09-30T00:00:00+00:00 [queued]>
[2024-10-01T09:26:43.380+0000] {taskinstance.py:2076} INFO - Dependencies all met for dep_context=requeueable deps ti=<TaskInstance: Taxi_trip_pipeline.dbt_staging_layer.dbt_run_yellow_trip scheduled__2024-09-30T00:00:00+00:00 [queued]>
[2024-10-01T09:26:43.380+0000] {taskinstance.py:2306} INFO - Starting attempt 4 of 4
[2024-10-01T09:26:43.394+0000] {taskinstance.py:2330} INFO - Executing <Task(BashOperator): dbt_staging_layer.dbt_run_yellow_trip> on 2024-09-30 00:00:00+00:00
[2024-10-01T09:26:43.402+0000] {standard_task_runner.py:63} INFO - Started process 356 to run task
[2024-10-01T09:26:43.404+0000] {standard_task_runner.py:90} INFO - Running: ['***', 'tasks', 'run', 'Taxi_trip_pipeline', 'dbt_staging_layer.dbt_run_yellow_trip', 'scheduled__2024-09-30T00:00:00+00:00', '--job-id', '153', '--raw', '--subdir', 'DAGS_FOLDER/taxi_trip.py', '--cfg-path', '/tmp/tmpkuqju2_0']
[2024-10-01T09:26:43.406+0000] {standard_task_runner.py:91} INFO - Job 153: Subtask dbt_staging_layer.dbt_run_yellow_trip
[2024-10-01T09:26:43.450+0000] {task_command.py:426} INFO - Running <TaskInstance: Taxi_trip_pipeline.dbt_staging_layer.dbt_run_yellow_trip scheduled__2024-09-30T00:00:00+00:00 [running]> on host fcb0f9e87e2b
[2024-10-01T09:26:43.528+0000] {taskinstance.py:2648} INFO - Exporting env vars: AIRFLOW_CTX_DAG_OWNER='Mahmoud' AIRFLOW_CTX_DAG_ID='Taxi_trip_pipeline' AIRFLOW_CTX_TASK_ID='dbt_staging_layer.dbt_run_yellow_trip' AIRFLOW_CTX_EXECUTION_DATE='2024-09-30T00:00:00+00:00' AIRFLOW_CTX_TRY_NUMBER='4' AIRFLOW_CTX_DAG_RUN_ID='scheduled__2024-09-30T00:00:00+00:00'
[2024-10-01T09:26:43.529+0000] {taskinstance.py:430} INFO - ::endgroup::
[2024-10-01T09:26:43.542+0000] {subprocess.py:63} INFO - Tmp dir root location: /tmp
[2024-10-01T09:26:43.542+0000] {subprocess.py:75} INFO - Running command: ['/usr/bin/bash', '-c', 'dbt run --profiles-dir /opt/***/DBT_Project  --project-dir /opt/***/dbt_trip --models yellow_trip']
[2024-10-01T09:26:43.557+0000] {subprocess.py:86} INFO - Output:
[2024-10-01T09:26:46.186+0000] {subprocess.py:93} INFO - [0m09:26:46  Running with dbt=1.8.0
[2024-10-01T09:26:46.485+0000] {subprocess.py:93} INFO - [0m09:26:46  Registered adapter: postgres=1.8.0
[2024-10-01T09:26:47.146+0000] {subprocess.py:93} INFO - [0m09:26:47  [[33mWARNING[0m]: Deprecated functionality
[2024-10-01T09:26:47.146+0000] {subprocess.py:93} INFO - The `tests` config has been renamed to `data_tests`. Please see
[2024-10-01T09:26:47.146+0000] {subprocess.py:93} INFO - https://docs.getdbt.com/docs/build/data-tests#new-data_tests-syntax for more
[2024-10-01T09:26:47.147+0000] {subprocess.py:93} INFO - information.
[2024-10-01T09:26:47.393+0000] {subprocess.py:93} INFO - [0m09:26:47  [[33mWARNING[0m]: Configuration paths exist in your dbt_project.yml file which do not apply to any resources.
[2024-10-01T09:26:47.393+0000] {subprocess.py:93} INFO - There are 2 unused configuration paths:
[2024-10-01T09:26:47.394+0000] {subprocess.py:93} INFO - - models.fact_trip.Dimensions
[2024-10-01T09:26:47.394+0000] {subprocess.py:93} INFO - - models.fact_trip.staging
[2024-10-01T09:26:47.576+0000] {subprocess.py:93} INFO - [0m09:26:47  Found 4 models, 6 data tests, 3 sources, 566 macros
[2024-10-01T09:26:47.579+0000] {subprocess.py:93} INFO - [0m09:26:47
[2024-10-01T09:26:47.705+0000] {subprocess.py:93} INFO - [0m09:26:47  Concurrency: 3 threads (target='dev')
[2024-10-01T09:26:47.707+0000] {subprocess.py:93} INFO - [0m09:26:47
[2024-10-01T09:26:47.719+0000] {subprocess.py:93} INFO - [0m09:26:47  1 of 1 START sql view model analysis.yellow_trip ............................... [RUN]
[2024-10-01T09:26:47.810+0000] {subprocess.py:93} INFO - [0m09:26:47  1 of 1 ERROR creating sql view model analysis.yellow_trip ...................... [[31mERROR[0m in 0.09s]
[2024-10-01T09:26:47.824+0000] {subprocess.py:93} INFO - [0m09:26:47
[2024-10-01T09:26:47.826+0000] {subprocess.py:93} INFO - [0m09:26:47  Finished running 1 view model in 0 hours 0 minutes and 0.24 seconds (0.24s).
[2024-10-01T09:26:47.879+0000] {subprocess.py:93} INFO - [0m09:26:47
[2024-10-01T09:26:47.879+0000] {subprocess.py:93} INFO - [0m09:26:47  [31mCompleted with 1 error and 0 warnings:[0m
[2024-10-01T09:26:47.880+0000] {subprocess.py:93} INFO - [0m09:26:47
[2024-10-01T09:26:47.880+0000] {subprocess.py:93} INFO - [0m09:26:47    Database Error in model yellow_trip (models/Staging/yellow_trip.sql)
[2024-10-01T09:26:47.880+0000] {subprocess.py:93} INFO -   column "vendorid" does not exist
[2024-10-01T09:26:47.881+0000] {subprocess.py:93} INFO -   LINE 24:     md5(cast(coalesce(cast(vendorid as TEXT), '_dbt_utils_su...
[2024-10-01T09:26:47.881+0000] {subprocess.py:93} INFO -                                       ^
[2024-10-01T09:26:47.881+0000] {subprocess.py:93} INFO -   HINT:  Perhaps you meant to reference the column "source.VendorID".
[2024-10-01T09:26:47.881+0000] {subprocess.py:93} INFO -   compiled code at target/run/fact_trip/models/Staging/yellow_trip.sql
[2024-10-01T09:26:47.881+0000] {subprocess.py:93} INFO - [0m09:26:47
[2024-10-01T09:26:47.881+0000] {subprocess.py:93} INFO - [0m09:26:47  Done. PASS=0 WARN=0 ERROR=1 SKIP=0 TOTAL=1
[2024-10-01T09:26:48.989+0000] {subprocess.py:97} INFO - Command exited with return code 1
[2024-10-01T09:26:48.990+0000] {taskinstance.py:441} INFO - ::group::Post task execution logs
[2024-10-01T09:26:49.000+0000] {taskinstance.py:2905} ERROR - Task failed with exception
Traceback (most recent call last):
  File "/home/airflow/.local/lib/python3.9/site-packages/airflow/models/taskinstance.py", line 465, in _execute_task
    result = _execute_callable(context=context, **execute_callable_kwargs)
  File "/home/airflow/.local/lib/python3.9/site-packages/airflow/models/taskinstance.py", line 432, in _execute_callable
    return execute_callable(context=context, **execute_callable_kwargs)
  File "/home/airflow/.local/lib/python3.9/site-packages/airflow/models/baseoperator.py", line 400, in wrapper
    return func(self, *args, **kwargs)
  File "/home/airflow/.local/lib/python3.9/site-packages/airflow/operators/bash.py", line 243, in execute
    raise AirflowException(
airflow.exceptions.AirflowException: Bash command failed. The command returned a non-zero exit code 1.
[2024-10-01T09:26:49.003+0000] {taskinstance.py:1206} INFO - Marking task as FAILED. dag_id=Taxi_trip_pipeline, task_id=dbt_staging_layer.dbt_run_yellow_trip, run_id=scheduled__2024-09-30T00:00:00+00:00, execution_date=20240930T000000, start_date=20241001T092643, end_date=20241001T092649
[2024-10-01T09:26:49.016+0000] {standard_task_runner.py:110} ERROR - Failed to execute job 153 for task dbt_staging_layer.dbt_run_yellow_trip (Bash command failed. The command returned a non-zero exit code 1.; 356)
[2024-10-01T09:26:49.063+0000] {local_task_job_runner.py:240} INFO - Task exited with return code 1
[2024-10-01T09:26:49.088+0000] {taskinstance.py:3498} INFO - 0 downstream tasks scheduled from follow-on schedule check
[2024-10-01T09:26:49.091+0000] {local_task_job_runner.py:222} INFO - ::endgroup::
