[2024-10-01T09:21:52.860+0000] {local_task_job_runner.py:120} INFO - ::group::Pre task execution logs
[2024-10-01T09:21:52.881+0000] {taskinstance.py:2076} INFO - Dependencies all met for dep_context=non-requeueable deps ti=<TaskInstance: Taxi_trip_pipeline.dbt_staging_layer.dbt_run_yellow_trip scheduled__2024-09-30T00:00:00+00:00 [queued]>
[2024-10-01T09:21:52.890+0000] {taskinstance.py:2076} INFO - Dependencies all met for dep_context=requeueable deps ti=<TaskInstance: Taxi_trip_pipeline.dbt_staging_layer.dbt_run_yellow_trip scheduled__2024-09-30T00:00:00+00:00 [queued]>
[2024-10-01T09:21:52.891+0000] {taskinstance.py:2306} INFO - Starting attempt 3 of 3
[2024-10-01T09:21:52.902+0000] {taskinstance.py:2330} INFO - Executing <Task(BashOperator): dbt_staging_layer.dbt_run_yellow_trip> on 2024-09-30 00:00:00+00:00
[2024-10-01T09:21:52.910+0000] {standard_task_runner.py:63} INFO - Started process 342 to run task
[2024-10-01T09:21:52.912+0000] {standard_task_runner.py:90} INFO - Running: ['***', 'tasks', 'run', 'Taxi_trip_pipeline', 'dbt_staging_layer.dbt_run_yellow_trip', 'scheduled__2024-09-30T00:00:00+00:00', '--job-id', '152', '--raw', '--subdir', 'DAGS_FOLDER/taxi_trip.py', '--cfg-path', '/tmp/tmp8vzh06sc']
[2024-10-01T09:21:52.914+0000] {standard_task_runner.py:91} INFO - Job 152: Subtask dbt_staging_layer.dbt_run_yellow_trip
[2024-10-01T09:21:52.961+0000] {task_command.py:426} INFO - Running <TaskInstance: Taxi_trip_pipeline.dbt_staging_layer.dbt_run_yellow_trip scheduled__2024-09-30T00:00:00+00:00 [running]> on host fcb0f9e87e2b
[2024-10-01T09:21:53.041+0000] {taskinstance.py:2648} INFO - Exporting env vars: AIRFLOW_CTX_DAG_OWNER='Mahmoud' AIRFLOW_CTX_DAG_ID='Taxi_trip_pipeline' AIRFLOW_CTX_TASK_ID='dbt_staging_layer.dbt_run_yellow_trip' AIRFLOW_CTX_EXECUTION_DATE='2024-09-30T00:00:00+00:00' AIRFLOW_CTX_TRY_NUMBER='3' AIRFLOW_CTX_DAG_RUN_ID='scheduled__2024-09-30T00:00:00+00:00'
[2024-10-01T09:21:53.042+0000] {taskinstance.py:430} INFO - ::endgroup::
[2024-10-01T09:21:53.053+0000] {subprocess.py:63} INFO - Tmp dir root location: /tmp
[2024-10-01T09:21:53.054+0000] {subprocess.py:75} INFO - Running command: ['/usr/bin/bash', '-c', 'dbt run --profiles-dir /opt/***/DBT_Project  --project-dir /opt/***/dbt_trip --models yellow_trip']
[2024-10-01T09:21:53.068+0000] {subprocess.py:86} INFO - Output:
[2024-10-01T09:21:55.540+0000] {subprocess.py:93} INFO - [0m09:21:55  Running with dbt=1.8.0
[2024-10-01T09:21:55.839+0000] {subprocess.py:93} INFO - [0m09:21:55  Registered adapter: postgres=1.8.0
[2024-10-01T09:21:56.497+0000] {subprocess.py:93} INFO - [0m09:21:56  [[33mWARNING[0m]: Deprecated functionality
[2024-10-01T09:21:56.497+0000] {subprocess.py:93} INFO - The `tests` config has been renamed to `data_tests`. Please see
[2024-10-01T09:21:56.497+0000] {subprocess.py:93} INFO - https://docs.getdbt.com/docs/build/data-tests#new-data_tests-syntax for more
[2024-10-01T09:21:56.498+0000] {subprocess.py:93} INFO - information.
[2024-10-01T09:21:56.732+0000] {subprocess.py:93} INFO - [0m09:21:56  [[33mWARNING[0m]: Configuration paths exist in your dbt_project.yml file which do not apply to any resources.
[2024-10-01T09:21:56.732+0000] {subprocess.py:93} INFO - There are 2 unused configuration paths:
[2024-10-01T09:21:56.732+0000] {subprocess.py:93} INFO - - models.fact_trip.Dimensions
[2024-10-01T09:21:56.732+0000] {subprocess.py:93} INFO - - models.fact_trip.staging
[2024-10-01T09:21:56.921+0000] {subprocess.py:93} INFO - [0m09:21:56  Found 4 models, 6 data tests, 3 sources, 566 macros
[2024-10-01T09:21:56.923+0000] {subprocess.py:93} INFO - [0m09:21:56
[2024-10-01T09:21:57.060+0000] {subprocess.py:93} INFO - [0m09:21:57  Concurrency: 3 threads (target='dev')
[2024-10-01T09:21:57.062+0000] {subprocess.py:93} INFO - [0m09:21:57
[2024-10-01T09:21:57.073+0000] {subprocess.py:93} INFO - [0m09:21:57  1 of 1 START sql view model analysis.yellow_trip ............................... [RUN]
[2024-10-01T09:21:57.168+0000] {subprocess.py:93} INFO - [0m09:21:57  1 of 1 ERROR creating sql view model analysis.yellow_trip ...................... [[31mERROR[0m in 0.09s]
[2024-10-01T09:21:57.185+0000] {subprocess.py:93} INFO - [0m09:21:57
[2024-10-01T09:21:57.186+0000] {subprocess.py:93} INFO - [0m09:21:57  Finished running 1 view model in 0 hours 0 minutes and 0.26 seconds (0.26s).
[2024-10-01T09:21:57.247+0000] {subprocess.py:93} INFO - [0m09:21:57
[2024-10-01T09:21:57.248+0000] {subprocess.py:93} INFO - [0m09:21:57  [31mCompleted with 1 error and 0 warnings:[0m
[2024-10-01T09:21:57.249+0000] {subprocess.py:93} INFO - [0m09:21:57
[2024-10-01T09:21:57.250+0000] {subprocess.py:93} INFO - [0m09:21:57    Database Error in model yellow_trip (models/Staging/yellow_trip.sql)
[2024-10-01T09:21:57.250+0000] {subprocess.py:93} INFO -   column "trip_type" does not exist
[2024-10-01T09:21:57.250+0000] {subprocess.py:93} INFO -   LINE 15:         CAST("trip_type" AS INTEGER) AS trip_t,
[2024-10-01T09:21:57.250+0000] {subprocess.py:93} INFO -                         ^
[2024-10-01T09:21:57.251+0000] {subprocess.py:93} INFO -   compiled code at target/run/fact_trip/models/Staging/yellow_trip.sql
[2024-10-01T09:21:57.251+0000] {subprocess.py:93} INFO - [0m09:21:57
[2024-10-01T09:21:57.251+0000] {subprocess.py:93} INFO - [0m09:21:57  Done. PASS=0 WARN=0 ERROR=1 SKIP=0 TOTAL=1
[2024-10-01T09:21:58.347+0000] {subprocess.py:97} INFO - Command exited with return code 1
[2024-10-01T09:21:58.348+0000] {taskinstance.py:441} INFO - ::group::Post task execution logs
[2024-10-01T09:21:58.360+0000] {taskinstance.py:2905} ERROR - Task failed with exception
Traceback (most recent call last):
  File "/home/airflow/.local/lib/python3.9/site-packages/airflow/models/taskinstance.py", line 465, in _execute_task
    result = _execute_callable(context=context, **execute_callable_kwargs)
  File "/home/airflow/.local/lib/python3.9/site-packages/airflow/models/taskinstance.py", line 432, in _execute_callable
    return execute_callable(context=context, **execute_callable_kwargs)
  File "/home/airflow/.local/lib/python3.9/site-packages/airflow/models/baseoperator.py", line 400, in wrapper
    return func(self, *args, **kwargs)
  File "/home/airflow/.local/lib/python3.9/site-packages/airflow/operators/bash.py", line 243, in execute
    raise AirflowException(
airflow.exceptions.AirflowException: Bash command failed. The command returned a non-zero exit code 1.
[2024-10-01T09:21:58.363+0000] {taskinstance.py:1206} INFO - Marking task as FAILED. dag_id=Taxi_trip_pipeline, task_id=dbt_staging_layer.dbt_run_yellow_trip, run_id=scheduled__2024-09-30T00:00:00+00:00, execution_date=20240930T000000, start_date=20241001T092152, end_date=20241001T092158
[2024-10-01T09:21:58.378+0000] {standard_task_runner.py:110} ERROR - Failed to execute job 152 for task dbt_staging_layer.dbt_run_yellow_trip (Bash command failed. The command returned a non-zero exit code 1.; 342)
[2024-10-01T09:21:58.421+0000] {local_task_job_runner.py:240} INFO - Task exited with return code 1
[2024-10-01T09:21:58.438+0000] {taskinstance.py:3498} INFO - 0 downstream tasks scheduled from follow-on schedule check
[2024-10-01T09:21:58.439+0000] {local_task_job_runner.py:222} INFO - ::endgroup::
